{
  "RSpec": {
    "coverage": {
      "/Users/aishayusuff/Makers-2022/Bookmark-manager/spec/setup_test_database.rb": {
        "lines": [
          1,
          null,
          1,
          9,
          null,
          9,
          null,
          null,
          9,
          null
        ]
      },
      "/Users/aishayusuff/Makers-2022/Bookmark-manager/app.rb": {
        "lines": [
          1,
          1,
          1,
          1,
          null,
          1,
          1,
          0,
          null,
          null,
          1,
          null,
          1,
          0,
          null,
          null,
          1,
          6,
          6,
          null,
          null,
          1,
          1,
          null,
          null,
          1,
          1,
          1,
          null,
          null,
          1,
          1,
          1,
          null,
          null,
          1,
          1,
          1,
          null,
          null,
          1,
          1,
          1,
          null,
          null,
          1,
          null
        ]
      },
      "/Users/aishayusuff/Makers-2022/Bookmark-manager/lib/bookmark.rb": {
        "lines": [
          1,
          null,
          1,
          1,
          null,
          1,
          27,
          27,
          27,
          null,
          null,
          1,
          8,
          8,
          null,
          0,
          null,
          null,
          8,
          8,
          null,
          10,
          null,
          null,
          null,
          1,
          13,
          13,
          null,
          0,
          null,
          null,
          null,
          null,
          null,
          13,
          null,
          13,
          null,
          null,
          1,
          2,
          2,
          null,
          0,
          null,
          2,
          null,
          null,
          1,
          2,
          2,
          null,
          0,
          null,
          2,
          null,
          null,
          null,
          2,
          null,
          null,
          1,
          2,
          2,
          null,
          0,
          null,
          2,
          2,
          null,
          null,
          null
        ]
      },
      "/Users/aishayusuff/Makers-2022/Bookmark-manager/spec/bookmark_spec.rb": {
        "lines": [
          1,
          1,
          null,
          1,
          null,
          1,
          1,
          1,
          null,
          null,
          1,
          1,
          1,
          null,
          1,
          null,
          null,
          1,
          1,
          1,
          1,
          1,
          null,
          null,
          null,
          1,
          1,
          1,
          null,
          1,
          null,
          1,
          null,
          1,
          1,
          1,
          1,
          null,
          null,
          null,
          1,
          1,
          1,
          null,
          1,
          null,
          1,
          null,
          null,
          null,
          1,
          1,
          1,
          1,
          null,
          null,
          1,
          null,
          1,
          null,
          1,
          1,
          null,
          null,
          null,
          1,
          1,
          1,
          null,
          1,
          null,
          1,
          1,
          1,
          1,
          null,
          null,
          null
        ]
      },
      "/Users/aishayusuff/Makers-2022/Bookmark-manager/spec/database_helpers.rb": {
        "lines": [
          1,
          null,
          null,
          null,
          1,
          1,
          1,
          1,
          null
        ]
      },
      "/Users/aishayusuff/Makers-2022/Bookmark-manager/spec/features/creating_bookmarks_spec.rb": {
        "lines": [
          1,
          1,
          1,
          1,
          1,
          1,
          1,
          null,
          null
        ]
      },
      "/Users/aishayusuff/Makers-2022/Bookmark-manager/spec/features/deleting_a_bookmark_spec.rb": {
        "lines": [
          1,
          1,
          null,
          1,
          1,
          null,
          null,
          1,
          null,
          null,
          1,
          null,
          null,
          1,
          null,
          1,
          null,
          null
        ]
      },
      "/Users/aishayusuff/Makers-2022/Bookmark-manager/spec/features/updating_a_bookmark_spec.rb": {
        "lines": [
          1,
          1,
          null,
          1,
          1,
          1,
          null,
          null,
          1,
          1,
          null,
          null,
          1,
          1,
          1,
          null,
          null,
          1,
          1,
          1,
          null,
          null
        ]
      },
      "/Users/aishayusuff/Makers-2022/Bookmark-manager/spec/features/viewing_bookmarks_spec.rb": {
        "lines": [
          1,
          1,
          null,
          null,
          1,
          1,
          1,
          null,
          1,
          null,
          1,
          1,
          1,
          null,
          null
        ]
      }
    },
    "timestamp": 1655055062
  }
}
